Arguments: 
  C:\Program Files\nodejs\node.exe C:\Users\Son Dambi\AppData\Roaming\npm\node_modules\yarn\bin\yarn.js server.js

PATH: 
  C:\Program Files\Git\mingw64\bin;C:\Program Files\Git\usr\bin;C:\Users\Son Dambi\bin;C:\Program Files (x86)\Intel\iCLS Client;C:\Program Files\Intel\iCLS Client;C:\WINDOWS\system32;C:\WINDOWS;C:\WINDOWS\System32\Wbem;C:\WINDOWS\System32\WindowsPowerShell\v1.0;C:\Program Files (x86)\Intel\Intel(R) Management Engine Components\DAL;C:\Program Files\Intel\Intel(R) Management Engine Components\DAL;C:\Program Files (x86)\Intel\Intel(R) Management Engine Components\IPT;C:\Program Files\Intel\Intel(R) Management Engine Components\IPT;C:\Program Files\Intel\WiFi\bin;C:\Program Files\Common Files\Intel\WirelessCommon;C:\Program Files\Git\cmd;C:\Program Files\nodejs;C:\Program Files\MongoDB\Server\3.6\bin;C:\WINDOWS\System32\OpenSSH;C:\Users\Son Dambi\AppData\Local\Microsoft\WindowsApps;C:\Program Files\Heroku\bin;C:\Users\Son Dambi\AppData\Roaming\npm;C:\Program Files\Microsoft VS Code\bin

Yarn version: 
  1.5.1

Node version: 
  6.11.5

Platform: 
  win32 x64

npm manifest: 
  {
    "name": "package.json",
    "version": "1.0.0",
    "description": "",
    "main": "server.js",
    "scripts": {
      "test": "echo \"Error: no test specified\" && exit 1",
      "start": "node server.js",
      "watch": "nodemon server.js"
    },
    "keywords": [],
    "author": "",
    "license": "ISC",
    "dependencies": {
      "bcrypt-nodejs": "0.0.3",
      "body-parser": "^1.15.2",
      "chart.js": "^2.7.1",
      "chartjs-plugin-annotation": "^0.5.7",
      "dotenv": "^5.0.0",
      "express": "^4.16.2",
      "express-handlebars": "^3.0.0",
      "express-session": "^1.15.6",
      "moment": "^2.20.1",
      "mysql": "^2.12.0",
      "mysql2": "^1.3.6",
      "passport": "^0.4.0",
      "passport-local": "^1.0.0",
      "sequelize": "^4.32.1",
      "session": "^0.1.0"
    }
  }

yarn manifest: 
  No manifest

Lockfile: 
  No lockfile

Trace: 
  Error: Command "server.js" not found.
      at MessageError.Error (native)
      at new MessageError (C:\Users\Son Dambi\AppData\Roaming\npm\node_modules\yarn\lib\cli.js:186:110)
      at C:\Users\Son Dambi\AppData\Roaming\npm\node_modules\yarn\lib\cli.js:87307:17
      at next (native)
      at step (C:\Users\Son Dambi\AppData\Roaming\npm\node_modules\yarn\lib\cli.js:98:30)
      at C:\Users\Son Dambi\AppData\Roaming\npm\node_modules\yarn\lib\cli.js:116:14
      at Promise.F (C:\Users\Son Dambi\AppData\Roaming\npm\node_modules\yarn\lib\cli.js:23451:28)
      at C:\Users\Son Dambi\AppData\Roaming\npm\node_modules\yarn\lib\cli.js:95:12
      at runCommand (C:\Users\Son Dambi\AppData\Roaming\npm\node_modules\yarn\lib\cli.js:87312:22)
      at Object.<anonymous> (C:\Users\Son Dambi\AppData\Roaming\npm\node_modules\yarn\lib\cli.js:87412:14)
